firmware\application\file.hpp:31:0: information: Include file: <cstddef> not found. Please note: Cppcheck does not need standard library headers to get proper results. [missingIncludeSystem]
#include <cstddef>
^
firmware\application\file.hpp:32:0: information: Include file: <cstdint> not found. Please note: Cppcheck does not need standard library headers to get proper results. [missingIncludeSystem]
#include <cstdint>
^
firmware\application\file.hpp:33:0: information: Include file: <string> not found. Please note: Cppcheck does not need standard library headers to get proper results. [missingIncludeSystem]
#include <string>
^
firmware\application\file.hpp:34:0: information: Include file: <array> not found. Please note: Cppcheck does not need standard library headers to get proper results. [missingIncludeSystem]
#include <array>
^
firmware\application\file.hpp:35:0: information: Include file: <memory> not found. Please note: Cppcheck does not need standard library headers to get proper results. [missingIncludeSystem]
#include <memory>
^
firmware\application\file.hpp:36:0: information: Include file: <iterator> not found. Please note: Cppcheck does not need standard library headers to get proper results. [missingIncludeSystem]
#include <iterator>
^
firmware\application\file.hpp:37:0: information: Include file: <vector> not found. Please note: Cppcheck does not need standard library headers to get proper results. [missingIncludeSystem]
#include <vector>
^
firmware\application\external\enhanced_drone_analyzer\enhanced_drone_analyzer_scanner_main.cpp:23:0: information: Include file: <string> not found. Please note: Cppcheck does not need standard library headers to get proper results. [missingIncludeSystem]
#include <string>           // For std::string operations
^
firmware\application\external\enhanced_drone_analyzer\enhanced_drone_analyzer_scanner_main.cpp:24:0: information: Include file: <vector> not found. Please note: Cppcheck does not need standard library headers to get proper results. [missingIncludeSystem]
#include <vector>           // For parameter parsing
^
firmware\application\external\enhanced_drone_analyzer\enhanced_drone_analyzer_scanner_main.cpp:25:0: information: Include file: <algorithm> not found. Please note: Cppcheck does not need standard library headers to get proper results. [missingIncludeSystem]
#include <algorithm>        // For trim operations
^
firmware\application\log_file.hpp:25:0: information: Include file: <string> not found. Please note: Cppcheck does not need standard library headers to get proper results. [missingIncludeSystem]
#include <string>
^
firmware\application\signal.hpp:25:0: information: Include file: <cstdint> not found. Please note: Cppcheck does not need standard library headers to get proper results. [missingIncludeSystem]
#include <cstdint>
^
firmware\application\signal.hpp:26:0: information: Include file: <list> not found. Please note: Cppcheck does not need standard library headers to get proper results. [missingIncludeSystem]
#include <list>
^
firmware\application\signal.hpp:27:0: information: Include file: <functional> not found. Please note: Cppcheck does not need standard library headers to get proper results. [missingIncludeSystem]
#include <functional>
^
firmware\application\signal.hpp:28:0: information: Include file: <memory> not found. Please note: Cppcheck does not need standard library headers to get proper results. [missingIncludeSystem]
#include <memory>
^
firmware\application\gradient.hpp:28:0: information: Include file: <array> not found. Please note: Cppcheck does not need standard library headers to get proper results. [missingIncludeSystem]
#include <array>
^
firmware\application\gradient.hpp:29:0: information: Include file: <cstdint> not found. Please note: Cppcheck does not need standard library headers to get proper results. [missingIncludeSystem]
#include <cstdint>
^
firmware\application\external\enhanced_drone_analyzer\ui_scanner_combined.hpp:24:0: information: Include file: <ch.h> not found. Please note: Cppcheck does not need standard library headers to get proper results. [missingIncludeSystem]
#include <ch.h>                // ChibiOS threading (FIXED: added)
^
firmware\application\external\enhanced_drone_analyzer\ui_scanner_combined.hpp:28:0: information: Include file: <memory> not found. Please note: Cppcheck does not need standard library headers to get proper results. [missingIncludeSystem]
#include <memory>              // std::unique_ptr, std::make_unique
^
firmware\application\external\enhanced_drone_analyzer\ui_scanner_combined.hpp:29:0: information: Include file: <vector> not found. Please note: Cppcheck does not need standard library headers to get proper results. [missingIncludeSystem]
#include <vector>              // std::vector for dynamic arrays
^
firmware\application\external\enhanced_drone_analyzer\ui_scanner_combined.hpp:30:0: information: Include file: <string> not found. Please note: Cppcheck does not need standard library headers to get proper results. [missingIncludeSystem]
#include <string>              // std::string for text handling
^
firmware\application\external\enhanced_drone_analyzer\ui_scanner_combined.hpp:31:0: information: Include file: <cstdint> not found. Please note: Cppcheck does not need standard library headers to get proper results. [missingIncludeSystem]
#include <cstdint>            // int32_t, uint32_t, etc.
^
firmware\application\external\enhanced_drone_analyzer\ui_scanner_combined.hpp:32:0: information: Include file: <algorithm> not found. Please note: Cppcheck does not need standard library headers to get proper results. [missingIncludeSystem]
#include <algorithm>          // std::min, std::max, std::fill
^
firmware\application\external\enhanced_drone_analyzer\ui_scanner_combined.hpp:33:0: information: Include file: <array> not found. Please note: Cppcheck does not need standard library headers to get proper results. [missingIncludeSystem]
#include <array>              // std::array for fixed-size arrays
^
firmware\application\external\enhanced_drone_analyzer\ui_scanner_combined.hpp:34:0: information: Include file: <functional> not found. Please note: Cppcheck does not need standard library headers to get proper results. [missingIncludeSystem]
#include <functional>         // std::function for callbacks (FIXED: added)
^
firmware\application\external\enhanced_drone_analyzer\ui_scanner_combined.hpp:286:0: information: Include file: <ch.h> not found. Please note: Cppcheck does not need standard library headers to get proper results. [missingIncludeSystem]
#include <ch.h>
^
firmware\application\external\enhanced_drone_analyzer\ui_scanner_combined.hpp:287:0: information: Include file: <vector> not found. Please note: Cppcheck does not need standard library headers to get proper results. [missingIncludeSystem]
#include <vector>
^
firmware\application\external\enhanced_drone_analyzer\ui_scanner_combined.hpp:288:0: information: Include file: <array> not found. Please note: Cppcheck does not need standard library headers to get proper results. [missingIncludeSystem]
#include <array>
^
firmware\application\external\enhanced_drone_analyzer\ui_scanner_combined.hpp:496:0: information: Include file: <memory> not found. Please note: Cppcheck does not need standard library headers to get proper results. [missingIncludeSystem]
#include <memory>
^
firmware\application\external\enhanced_drone_analyzer\enhanced_drone_analyzer_scanner_main.cpp:0:0: information: Limiting analysis of branches. Use --check-level=exhaustive to analyze all branches. [normalCheckLevelMaxBranches]

^
firmware\application\file.hpp:45:15: style: Struct 'filesystem_error' has a constructor with 1 argument that is not explicit. [noExplicitConstructor]
    constexpr filesystem_error(
              ^
firmware\application\file.hpp:50:15: style: Struct 'filesystem_error' has a constructor with 1 argument that is not explicit. [noExplicitConstructor]
    constexpr filesystem_error(
              ^
firmware\application\file.hpp:88:5: style: Struct 'path' has a constructor with 1 argument that is not explicit. [noExplicitConstructor]
    path(const Source& source)
    ^
firmware\application\file.hpp:98:5: style: Struct 'path' has a constructor with 1 argument that is not explicit. [noExplicitConstructor]
    path(const char16_t* const s)
    ^
firmware\application\file.hpp:102:5: style: Struct 'path' has a constructor with 1 argument that is not explicit. [noExplicitConstructor]
    path(const TCHAR* const s)
    ^
firmware\application\external\enhanced_drone_analyzer\ui_scanner_combined.hpp:778:5: style: Class 'LoadingScreenView' has a constructor with 1 argument that is not explicit. [noExplicitConstructor]
    LoadingScreenView(NavigationView& nav);
    ^
firmware\application\signal.hpp:53:46: style: Parameter 'entry' can be declared as reference to const [constParameterReference]
        entries.remove_if([token](EntryType& entry) {
                                             ^
firmware\application\external\enhanced_drone_analyzer\ui_settings_combined.hpp:12:0: information: Include file: <cstdint> not found. Please note: Cppcheck does not need standard library headers to get proper results. [missingIncludeSystem]
#include <cstdint>
^
firmware\application\external\enhanced_drone_analyzer\ui_settings_combined.hpp:13:0: information: Include file: <string> not found. Please note: Cppcheck does not need standard library headers to get proper results. [missingIncludeSystem]
#include <string>
^
firmware\application\external\enhanced_drone_analyzer\ui_settings_combined.hpp:14:0: information: Include file: <vector> not found. Please note: Cppcheck does not need standard library headers to get proper results. [missingIncludeSystem]
#include <vector>
^
firmware\application\external\enhanced_drone_analyzer\ui_settings_combined.hpp:295:0: information: Include file: <string> not found. Please note: Cppcheck does not need standard library headers to get proper results. [missingIncludeSystem]
#include <string>
^
firmware\application\external\enhanced_drone_analyzer\ui_settings_combined.hpp:296:0: information: Include file: <sstream> not found. Please note: Cppcheck does not need standard library headers to get proper results. [missingIncludeSystem]
#include <sstream>
^
firmware\application\external\enhanced_drone_analyzer\ui_settings_combined.hpp:518:5: style: Class 'LoadingView' has a constructor with 1 argument that is not explicit. [noExplicitConstructor]
    LoadingView(NavigationView& nav, const std::string& loading_text = "Loading...");
    ^
firmware\application\external\enhanced_drone_analyzer\ui_drone_audio.hpp:7:0: information: Include file: <cstdint> not found. Please note: Cppcheck does not need standard library headers to get proper results. [missingIncludeSystem]
#include <cstdint>
^
firmware\application\external\enhanced_drone_analyzer\ui_scanner_combined.cpp:8:0: information: Include file: <algorithm> not found. Please note: Cppcheck does not need standard library headers to get proper results. [missingIncludeSystem]
#include <algorithm>
^
firmware\application\external\enhanced_drone_analyzer\ui_scanner_combined.cpp:9:0: information: Include file: <sstream> not found. Please note: Cppcheck does not need standard library headers to get proper results. [missingIncludeSystem]
#include <sstream>
^
firmware\application\external\enhanced_drone_analyzer\ui_scanner_combined.cpp:11:0: information: Include file: <cstdlib> not found. Please note: Cppcheck does not need standard library headers to get proper results. [missingIncludeSystem]
#include <cstdlib>
^
firmware\application\external\enhanced_drone_analyzer\ui_scanner_combined.cpp:0:0: information: Limiting analysis of branches. Use --check-level=exhaustive to analyze all branches. [normalCheckLevelMaxBranches]

^
firmware\application\external\enhanced_drone_analyzer\ui_scanner_combined.cpp:806:26: warning: Member variable 'DroneHardwareController::fifo_' is not initialized in the constructor. [uninitMemberVar]
DroneHardwareController::DroneHardwareController(SpectrumMode mode)
                         ^
firmware\application\external\enhanced_drone_analyzer\ui_scanner_combined.cpp:1637:20: warning: Member variable 'DroneUIController::audio_mgr_' is not initialized in the constructor. [uninitMemberVar]
DroneUIController::DroneUIController(NavigationView& nav,
                   ^
firmware\application\external\enhanced_drone_analyzer\ui_scanner_combined.cpp:2366:5: style: Class 'ConstantSettingsView' has a constructor with 1 argument that is not explicit. [noExplicitConstructor]
    ConstantSettingsView(NavigationView& nav) : View(), nav_(nav) {}
    ^
firmware\application\external\enhanced_drone_analyzer\ui_scanner_combined.cpp:1881:52: style: Condition 'DroneAnalyzerSettingsManager::save_settings(settings_)' is always true [knownConditionTrueFalse]
    if (DroneAnalyzerSettingsManager::save_settings(settings_)) {
                                                   ^
firmware\application\external\enhanced_drone_analyzer\ui_scanner_combined.cpp:1881:52: note: Calling function 'save_settings' returns 1
    if (DroneAnalyzerSettingsManager::save_settings(settings_)) {
                                                   ^
firmware\application\external\enhanced_drone_analyzer\ui_scanner_combined.cpp:1881:52: note: Condition 'DroneAnalyzerSettingsManager::save_settings(settings_)' is always true
    if (DroneAnalyzerSettingsManager::save_settings(settings_)) {
                                                   ^
firmware\application\external\enhanced_drone_analyzer\ui_scanner_combined.cpp:1889:52: style: Condition 'DroneAnalyzerSettingsManager::load_settings(settings_)' is always false [knownConditionTrueFalse]
    if (DroneAnalyzerSettingsManager::load_settings(settings_)) {
                                                   ^
firmware\application\external\enhanced_drone_analyzer\ui_scanner_combined.cpp:1889:52: note: Calling function 'load_settings' returns 0
    if (DroneAnalyzerSettingsManager::load_settings(settings_)) {
                                                   ^
firmware\application\external\enhanced_drone_analyzer\ui_scanner_combined.cpp:1889:52: note: Condition 'DroneAnalyzerSettingsManager::load_settings(settings_)' is always false
    if (DroneAnalyzerSettingsManager::load_settings(settings_)) {
                                                   ^
firmware\application\external\enhanced_drone_analyzer\ui_scanner_combined.cpp:841:74: style: C-style pointer casting [cstyleCast]
        [this](const Message* const p) { handle_channel_spectrum_config((const ChannelSpectrumConfigMessage*)p); });
                                                                         ^
firmware\application\external\enhanced_drone_analyzer\ui_scanner_combined.cpp:2346:50: style: Parameter 'nav' can be declared as reference to const [constParameterReference]
    static void show_preset_menu(NavigationView& nav,
                                                 ^
firmware\application\external\enhanced_drone_analyzer\ui_scanner_combined.cpp:2358:54: style: Parameter 'settings' can be declared as reference to const [constParameterReference]
    static bool load_settings(DroneAnalyzerSettings& settings) {
                                                     ^
firmware\application\external\enhanced_drone_analyzer\ui_scanner_combined.cpp:1990:36: style: Unused variable: manager [unusedVariable]
    static ConstantSettingsManager manager;
                                   ^
firmware\application\external\enhanced_drone_analyzer\ui_settings_combined.cpp:8:0: information: Include file: <algorithm> not found. Please note: Cppcheck does not need standard library headers to get proper results. [missingIncludeSystem]
#include <algorithm>        // For std::find_if_not in trim operations
^
firmware\application\external\enhanced_drone_analyzer\ui_settings_combined.cpp:9:0: information: Include file: <sstream> not found. Please note: Cppcheck does not need standard library headers to get proper results. [missingIncludeSystem]
#include <sstream>          // For stringstream parsing
^
firmware\application\external\enhanced_drone_analyzer\ui_settings_combined.cpp:10:0: information: Include file: <vector> not found. Please note: Cppcheck does not need standard library headers to get proper results. [missingIncludeSystem]
#include <vector>           // For container operations
^
firmware\application\external\enhanced_drone_analyzer\ui_settings_combined.cpp:11:0: information: Include file: <memory> not found. Please note: Cppcheck does not need standard library headers to get proper results. [missingIncludeSystem]
#include <memory>           // For unique_ptr management
^
firmware\application\external\enhanced_drone_analyzer\ui_settings_combined.cpp:0:0: information: Limiting analysis of branches. Use --check-level=exhaustive to analyze all branches. [normalCheckLevelMaxBranches]

^
firmware\application\external\enhanced_drone_analyzer\ui_settings_combined.cpp:541:5: style: The class 'PresetMenuView' does not declare a constructor although it has private member variables which likely require initialization. [noConstructor]
    class PresetMenuView : public MenuView {
    ^
firmware\application\external\enhanced_drone_analyzer\ui_settings_combined.cpp:580:5: style: The class 'FilteredPresetMenuView' does not declare a constructor although it has private member variables which likely require initialization. [noConstructor]
    class FilteredPresetMenuView : public MenuView {
    ^
firmware\application\external\enhanced_drone_analyzer\ui_settings_combined.cpp:644:28: style: Condition 'freq_hz>=5200000000ULL' is always false [knownConditionTrueFalse]
        } else if (freq_hz >= 5200000000ULL && freq_hz <= 5800000000ULL) {
                           ^
firmware\application\external\enhanced_drone_analyzer\ui_settings_combined.cpp:641:45: note: Assuming that condition 'freq_hz<=2500000000ULL' is not redundant
    if (freq_hz >= 2400000000ULL && freq_hz <= 2500000000ULL) {
                                            ^
firmware\application\external\enhanced_drone_analyzer\ui_settings_combined.cpp:644:28: note: Condition 'freq_hz>=5200000000ULL' is always false
        } else if (freq_hz >= 5200000000ULL && freq_hz <= 5800000000ULL) {
                           ^
firmware\application\external\enhanced_drone_analyzer\ui_settings_combined.cpp:405:41: performance: Function parameter 'config' should be passed by const reference. However it seems that 'ScannerConfig' is a callback function. [passedByValueCallback]
ScannerConfig::ScannerConfig(ConfigData config)
                                        ^
firmware\application\external\enhanced_drone_analyzer\ui_settings_combined.hpp:210:7: note: Function pointer used here.
class ScannerConfig {
      ^
firmware\application\external\enhanced_drone_analyzer\ui_settings_combined.cpp:405:41: note: Function parameter 'config' should be passed by const reference. However it seems that 'ScannerConfig' is a callback function.
ScannerConfig::ScannerConfig(ConfigData config)
                                        ^
firmware\application\external\enhanced_drone_analyzer\ui_settings_combined.cpp:529:57: style: Parameter 'config' can be declared as reference to const [constParameterReference]
bool DroneFrequencyPresets::apply_preset(ScannerConfig& config, const DronePreset& preset) {
                                                        ^
firmware\application\external\enhanced_drone_analyzer\ui_settings_combined.cpp:577:15: style: Consider using std::transform algorithm instead of a raw loop. [useStlAlgorithm]
        names.push_back(preset.display_name);
              ^
firmware\application\external\enhanced_drone_analyzer\ui_settings_combined.cpp:136:27: style: Variable 'backup_path' is assigned a value that is never used. [unreadVariable]
        const std::string backup_path = filepath + ".bak";
                          ^
firmware\application\external\enhanced_drone_analyzer\ui_settings_combined.cpp:149:39: style: Variable 'backup_path' is assigned a value that is never used. [unreadVariable]
        const std::string backup_path = filepath + ".bak";
                                      ^
nofile:0:0: information: Active checkers: 167/856 (use --checkers-report=<filename> to see details) [checkersReport]

